Method 'SystemVoidCosmosSystemKernelStart', ID = '0'
Method 'SystemVoidCosmosIL2CPURuntimeEngineInitializeApplication', ID = '1'
Method 'SystemVoidCosmosIL2CPURuntimeEngineFinalizeApplicationSystemInt32', ID = '2'
Method 'SystemVoidCosmosIL2CPUVTablesImplSetMethodInfoSystemInt32SystemInt32SystemUInt32SystemUInt32', ID = '3'
Method 'SystemBooleanCosmosIL2CPUVTablesImplIsInstanceSystemUInt32SystemUInt32', ID = '4'
Method 'SystemVoidCosmosIL2CPUVTablesImplSetTypeInfoSystemInt32SystemUInt32SystemUInt32arraySystemUInt32arraySystemUInt32', ID = '5'
Method 'SystemUInt32CosmosIL2CPUVTablesImplGetMethodAddressForTypeSystemUInt32SystemUInt32', ID = '6'
Method 'SystemVoidCosmosIL2CPUExceptionHelperThrowNotImplementedSystemString', ID = '10'
Method 'SystemVoidCosmosIL2CPUExceptionHelperThrowOverflow', ID = '11'
Method 'SystemVoidCosmosIL2CPUExceptionHelperThrowInvalidOperationSystemString', ID = '12'
Method 'SystemVoidCosmosIL2CPUExceptionHelperThrowArgumentOutOfRangeSystemString', ID = '13'
Method 'SystemVoidSystemArrayctor', ID = '15'
Method 'SystemDelegatearraySystemMulticastDelegateGetInvocationList', ID = '16'
Method 'SystemVoidCaOS_Kernelctor', ID = '18'
Method 'SystemVoidCosmosDebugKernelDebuggerSendSystemString', ID = '23'
Method 'SystemVoidCosmosHALBootstrapInit', ID = '27'
Method 'CosmosHALTextScreenBaseCosmosSystemKernelGetTextScreen', ID = '28'
Method 'SystemVoidCosmosSystemGlobalInitCosmosHALTextScreenBase', ID = '29'
Method 'SystemVoidCosmosHALPS2Keyboardctor', ID = '30'
Method 'SystemVoidCosmosSystemKeyboardManagerAddKeyboardCosmosHALKeyboardBase', ID = '31'
Method 'SystemVoidCosmosSystemKernelBeforeRun', ID = '32'
Method 'SystemVoidCosmosHALGlobalEnableInterrupts', ID = '33'
Method 'SystemVoidCosmosSystemKernelAfterRun', ID = '35'
Method 'SystemVoidCosmosIL2CPURuntimeEngineInitializeEngine', ID = '39'
Method 'SystemVoidCosmosIL2CPURuntimeEngineHeap_Initialize', ID = '40'
Method 'SystemVoidCosmosIL2CPURuntimeEngineFinalizeEngine', ID = '42'
Method 'SystemVoidCosmosIL2CPURuntimeEngineExitProcessSystemInt32', ID = '43'
Method 'SystemVoidCosmosIL2CPUVTablesImplDebugAndHaltSystemString', ID = '48'
Method 'SystemVoidCosmosIL2CPUVTablesImplDebugSystemString', ID = '50'
Method 'SystemVoidCosmosIL2CPUVTablesImplDebugHexSystemStringSystemUInt32', ID = '51'
Method 'SystemVoidCosmosDebugKernelPlugsAsmDebuggerSendKernelPanicSystemUInt32', ID = '56'
Method 'SystemVoidCosmosCorePlugsGCImplementionImplIncRefCountSystemUInt32', ID = '62'
Method 'SystemVoidCosmosCorePlugsGCImplementionImplDecRefCountSystemUInt32', ID = '63'
Method 'SystemUInt32CosmosCorePlugsGCImplementionImplAllocNewObjectSystemUInt32', ID = '64'
Method 'SystemVoidSystemNotImplementedExceptionctorSystemString', ID = '66'
Method 'SystemVoidSystemOverflowExceptionctorSystemString', ID = '67'
Method 'SystemVoidSystemInvalidOperationExceptionctorSystemString', ID = '68'
Method 'SystemVoidSystemArgumentOutOfRangeExceptionctorSystemString', ID = '69'
Method 'SystemDelegatearraySystemDelegateGetInvocationList', ID = '74'
Method 'SystemInt32SystemIntPtrop_ExplicitSystemIntPtr', ID = '77'
Method 'SystemVoidCosmosSystemKernelctor', ID = '79'
Method 'SystemVoidCosmosSystemGlobalcctor', ID = '81'
Method 'SystemVoidCosmosCorePlugsSystemExceptionImplCtorSystemString', ID = '85'
Method 'SystemVoidCosmosCoreBootstrapInit', ID = '87'
Method 'SystemVoidCosmosSystemConsolectorCosmosHALTextScreenBase', ID = '89'
Method 'SystemVoidCosmosHALGlobalInitCosmosHALTextScreenBase', ID = '91'
Method 'SystemVoidCosmosSystemGlobalset_NumLockSystemBoolean', ID = '92'
Method 'SystemVoidCosmosSystemGlobalset_CapsLockSystemBoolean', ID = '93'
Method 'SystemVoidCosmosSystemGlobalset_ScrollLockSystemBoolean', ID = '94'
Method 'SystemVoidCosmosHALKeyboardBasector', ID = '99'
Method 'SystemVoidCosmosSystemKeyboardManagerHandleScanCodeSystemByteSystemBoolean', ID = '102'
Method 'SystemVoidCosmosCorePlugsAsmDelegateImplCtorSystemObjectSystemIntPtr', ID = '189'
Method 'SystemVoidSystemCollectionsGenericList1CosmosHALKeyboardBaseAddCosmosHALKeyboardBase', ID = '105'
Method 'SystemVoidCaOS_KernelBeforeRun', ID = '106'
Method 'SystemVoidCosmosCoreCommonCPUEnableInterrupts', ID = '108'
Method 'SystemVoidCaOS_KernelRun', ID = '109'
Method 'SystemVoidCosmosSystemPlugsSystemConsoleImplWriteLineSystemString', ID = '111'
Method 'SystemStringSystemValueTypeToString', ID = '112'
Method 'SystemStringSystemStringToString', ID = '113'
Method 'SystemStringSystemBooleanToString', ID = '116'
Method 'SystemStringCosmosCorePlugsSystemObjectImplToString', ID = '118'
Method 'SystemVoidCosmosIL2CPURuntimeEnginecctor', ID = '119'
Method 'SystemVoidCosmosIL2CPUVTablesImplcctor', ID = '120'
Method 'SystemVoidSystemBooleancctor', ID = '121'
Method 'SystemVoidCosmosDebugKernelDebuggerSendNumberSystemUInt32', ID = '123'
Method 'SystemVoidCosmosCommonKernelPanicTypescctor', ID = '124'
Method 'SystemVoidCosmosCoreMemoryOldGlobalSystemInfoEnsureInitialized', ID = '127'
Method 'SystemUInt32CosmosCoreMemoryOldHeapMemAllocSystemUInt32', ID = '128'
Method 'SystemVoidSystemSystemExceptionctorSystemString', ID = '130'
Method 'SystemVoidSystemExceptionSetErrorCodeSystemInt32', ID = '131'
Method 'SystemVoidSystemArithmeticExceptionctorSystemString', ID = '133'
Method 'SystemStringSystemArgumentOutOfRangeExceptionget_RangeMessage', ID = '136'
Method 'SystemVoidSystemArgumentExceptionctorSystemStringSystemString', ID = '137'
Method 'SystemVoidCosmosCorePlugsSystemObjectImplCtor', ID = '138'
Method 'SystemVoidCosmosDebugKernelDebuggerctorSystemStringSystemString', ID = '140'
Method 'SystemVoidCosmosDebugKernelPlugsAsmDebuggerDoSendSystemString', ID = '142'
Method 'SystemVoidSystemExceptioncctor', ID = '143'
Method 'SystemVoidCosmosCoreINTsDummy', ID = '147'
Method 'SystemVoidCosmosCorePICctor', ID = '148'
Method 'SystemVoidCosmosHALTextScreenctor', ID = '156'
Method 'SystemVoidCosmosCoreGlobalInit', ID = '159'
Method 'SystemVoidCosmosHALGlobalInitStaticDevices', ID = '160'
Method 'SystemVoidCosmosHALGlobalInitPciDevices', ID = '161'
Method 'SystemVoidCosmosHALGlobalInitAtaCosmosHALBlockDeviceAtaControllerIdEnumCosmosHALBlockDeviceAtaBusPositionEnum', ID = '162'
Method 'SystemVoidCosmosSystemKeyboardManagerset_NumLockSystemBoolean', ID = '163'
Method 'SystemVoidCosmosSystemKeyboardManagerset_CapsLockSystemBoolean', ID = '164'
Method 'SystemVoidCosmosSystemKeyboardManagerset_ScrollLockSystemBoolean', ID = '165'
Method 'SystemVoidCosmosCoreGlobalcctor', ID = '166'
Method 'SystemVoidCosmosCoreBaseIOGroupscctor', ID = '167'
Method 'SystemVoidCosmosHALDevicector', ID = '168'
Method 'SystemVoidCosmosSystemKeyboardManagercctor', ID = '171'
Method 'SystemBooleanCosmosSystemScanMapBaseScanCodeMatchesKeySystemByteCosmosSystemConsoleKeyEx', ID = '174'
Method 'SystemBooleanCosmosSystemKeyboardManagerget_CapsLock', ID = '175'
Method 'SystemVoidCosmosSystemKeyboardManagerUpdateLeds', ID = '176'
Method 'SystemBooleanCosmosSystemKeyboardManagerget_NumLock', ID = '177'
Method 'SystemBooleanCosmosSystemKeyboardManagerget_ScrollLock', ID = '178'
Method 'SystemVoidCosmosSystemKeyboardManagerset_ControlPressedSystemBoolean', ID = '179'
Method 'SystemVoidCosmosSystemKeyboardManagerset_ShiftPressedSystemBoolean', ID = '180'
Method 'SystemVoidCosmosSystemKeyboardManagerset_AltPressedSystemBoolean', ID = '181'
Method 'SystemBooleanCosmosSystemKeyboardManagerget_ControlPressed', ID = '182'
Method 'SystemBooleanCosmosSystemKeyboardManagerget_AltPressed', ID = '183'
Method 'SystemVoidCosmosSystemConsoleWriteLineSystemString', ID = '184'
Method 'SystemVoidCosmosSystemPowerReboot', ID = '185'
Method 'SystemBooleanCosmosSystemKeyboardManagerGetKeySystemByteCosmosSystemKeyEvent', ID = '186'
Method 'SystemVoidCosmosSystemKeyboardManagerEnqueueCosmosSystemKeyEvent', ID = '187'
Method 'SystemVoidSystemCollectionsGenericList1CosmosHALKeyboardBaseEnsureCapacitySystemInt32', ID = '191'
Method 'SystemVoidCosmosSystemScanMapsUS_Standardctor', ID = '193'
Method 'SystemVoidCosmosSystemKeyboardManagerSetKeyLayoutCosmosSystemScanMapBase', ID = '194'
Method 'SystemStringSystemStringConcatSystemStringSystemStringSystemString', ID = '197'
Method 'SystemBooleanSystemStringop_EqualitySystemStringSystemString', ID = '200'
Method 'SystemVoidCosmosSystemFileSystemCosmosVFSctor', ID = '201'
Method 'SystemVoidCosmosSystemFileSystemVFSVFSManagerRegisterVFSCosmosSystemFileSystemVFSVFSBase', ID = '202'
Method 'SystemVoidCaOS_logoLogoSystemString', ID = '203'
Method 'SystemStringSystemStringConcatSystemStringSystemString', ID = '204'
Method 'SystemVoidCosmosSystemKernelStop', ID = '205'
Method 'SystemVoidCosmosHALGlobalcctor', ID = '206'
Method 'SystemStringSystemStringToLower', ID = '210'
Method 'SystemInt32SystemStringIndexOfSystemChar', ID = '211'
Method 'SystemStringarraySystemStringSplitSystemChararray', ID = '213'
Method 'SystemUInt32PrivateImplementationDetailsComputeStringHashSystemString', ID = '214'
Method 'SystemVoidCaOS_lockkernellockpassSystemString', ID = '215'
Method 'SystemVoidCaOS_CAFScreateDirSystemString', ID = '216'
Method 'SystemStringarrayCaOS_CAFSreadFilesSystemString', ID = '217'
Method 'SystemStringarrayCaOS_CAFSreadDirectoriesSystemString', ID = '218'
Method 'SystemVoidSystemArrayCopySystemArraySystemArraySystemInt32', ID = '219'
Method 'SystemVoidSystemArrayCopySystemArraySystemInt32SystemArraySystemInt32SystemInt32', ID = '220'
Method 'SystemInt32CaOS_MateAddSystemStringSystemString', ID = '221'
Method 'SystemInt32CaOS_MateSubtractSystemStringSystemString', ID = '223'
Method 'SystemInt32CaOS_MateMultiplySystemStringSystemString', ID = '224'
Method 'SystemInt32CaOS_MateDivideSystemStringSystemString', ID = '225'
Method 'SystemInt64CaOS_MateToPowerSystemStringSystemString', ID = '226'
Method 'SystemInt32CaOS_MateGcdConSystemStringSystemString', ID = '228'
Method 'SystemInt32CaOS_MateLcmConSystemStringSystemString', ID = '229'
Method 'SystemVoidCaOS_microtxtinit', ID = '230'
Method 'SystemVoidCaOS_CAFSdeleteDirSystemString', ID = '231'
Method 'SystemStringSystemStringConcatSystemObjectSystemObject', ID = '232'
Method 'SystemVoidSystemConsolecctor', ID = '233'
Method 'CosmosSystemConsoleCosmosSystemPlugsSystemConsoleImplGetConsole', ID = '235'
Method 'SystemVoidCosmosSystemConsoleWriteSystemString', ID = '236'
Method 'SystemVoidCosmosSystemConsoleNewLine', ID = '237'
Method 'SystemStringCosmosSystemPlugsSystemInt32ImplToString', ID = '239'
Method 'SystemStringCosmosSystemPlugsSystemUInt32ImplToString', ID = '240'
Method 'SystemStringCosmosCorePlugsSystemExceptionImplToString', ID = '241'
Method 'SystemUInt32CosmosCoreMemoryOldGlobalSystemInfoget_TotalDataLookupTableSize', ID = '253'
Method 'SystemBooleanCosmosCoreCommonCPUDisableInterrupts', ID = '257'
Method 'SystemVoidCosmosCoreMemoryOldHeapEnsureIsInitialized', ID = '258'
Method 'CosmosCoreMemoryOldGlobalInformationTablepointerCosmosCoreMemoryOldGlobalSystemInfoget_GlobalInformationTable', ID = '260'
Method 'SystemBooleanCosmosCoreMemoryOldHeapScanDataLookupTableSystemUInt32CosmosCoreMemoryOldDataLookupTablepointerSystemUInt32SystemUInt32', ID = '261'
Method 'CosmosCoreMemoryOldDataLookupEntrypointerCosmosCoreMemoryOldDataLookupTableGetEntrySystemUInt32', ID = '264'
Method 'SystemVoidCosmosCoreMemoryOldHeapClearMemorySystemVoidpointerSystemUInt32', ID = '266'
Method 'SystemVoidSystemExceptionset_HResultSystemInt32', ID = '268'
Method 'SystemVoidCosmosDebugKernelDebuggerset_mSectionSystemString', ID = '274'
Method 'SystemVoidCosmosCoreBootstrapcctor', ID = '276'
Method 'SystemVoidCosmosCoreINTsHandleInterrupt_DefaultCosmosCoreINTsIRQContext', ID = '279'
Method 'SystemVoidCosmosCoreINTsHandleInterrupt_00CosmosCoreINTsIRQContext', ID = '280'
Method 'SystemVoidCosmosCoreINTsHandleInterrupt_01CosmosCoreINTsIRQContext', ID = '281'
Method 'SystemVoidCosmosCoreINTsHandleInterrupt_02CosmosCoreINTsIRQContext', ID = '282'
Method 'SystemVoidCosmosCoreINTsHandleInterrupt_03CosmosCoreINTsIRQContext', ID = '283'
Method 'SystemVoidCosmosCoreINTsHandleInterrupt_04CosmosCoreINTsIRQContext', ID = '284'
Method 'SystemVoidCosmosCoreINTsHandleInterrupt_05CosmosCoreINTsIRQContext', ID = '285'
Method 'SystemVoidCosmosCoreINTsHandleInterrupt_06CosmosCoreINTsIRQContext', ID = '286'
Method 'SystemVoidCosmosCoreINTsHandleInterrupt_07CosmosCoreINTsIRQContext', ID = '287'
Method 'SystemVoidCosmosCoreINTsHandleInterrupt_08CosmosCoreINTsIRQContext', ID = '288'
Method 'SystemVoidCosmosCoreINTsHandleInterrupt_09CosmosCoreINTsIRQContext', ID = '289'
Method 'SystemVoidCosmosCoreINTsHandleInterrupt_0ACosmosCoreINTsIRQContext', ID = '290'
Method 'SystemVoidCosmosCoreINTsHandleInterrupt_0BCosmosCoreINTsIRQContext', ID = '291'
Method 'SystemVoidCosmosCoreINTsHandleInterrupt_0CCosmosCoreINTsIRQContext', ID = '292'
Method 'SystemVoidCosmosCoreINTsHandleInterrupt_0DCosmosCoreINTsIRQContext', ID = '293'
Method 'SystemVoidCosmosCoreINTsHandleInterrupt_0ECosmosCoreINTsIRQContext', ID = '294'
Method 'SystemVoidCosmosCoreINTsHandleInterrupt_0FCosmosCoreINTsIRQContext', ID = '295'
Method 'SystemVoidCosmosCoreINTsHandleInterrupt_10CosmosCoreINTsIRQContext', ID = '296'
Method 'SystemVoidCosmosCoreINTsHandleInterrupt_11CosmosCoreINTsIRQContext', ID = '297'
Method 'SystemVoidCosmosCoreINTsHandleInterrupt_12CosmosCoreINTsIRQContext', ID = '298'
Method 'SystemVoidCosmosCoreINTsHandleInterrupt_13CosmosCoreINTsIRQContext', ID = '299'
Method 'SystemVoidCosmosCoreINTsHandleInterrupt_20CosmosCoreINTsIRQContext', ID = '300'
Method 'SystemVoidCosmosCoreINTsHandleInterrupt_21CosmosCoreINTsIRQContext', ID = '301'
Method 'SystemVoidCosmosCoreINTsHandleInterrupt_22CosmosCoreINTsIRQContext', ID = '302'
Method 'SystemVoidCosmosCoreINTsHandleInterrupt_23CosmosCoreINTsIRQContext', ID = '303'
Method 'SystemVoidCosmosCoreINTsHandleInterrupt_24CosmosCoreINTsIRQContext', ID = '304'
Method 'SystemVoidCosmosCoreINTsHandleInterrupt_25CosmosCoreINTsIRQContext', ID = '305'
Method 'SystemVoidCosmosCoreINTsHandleInterrupt_26CosmosCoreINTsIRQContext', ID = '306'
Method 'SystemVoidCosmosCoreINTsHandleInterrupt_27CosmosCoreINTsIRQContext', ID = '307'
Method 'SystemVoidCosmosCoreINTsHandleInterrupt_28CosmosCoreINTsIRQContext', ID = '308'
Method 'SystemVoidCosmosCoreINTsHandleInterrupt_29CosmosCoreINTsIRQContext', ID = '309'
Method 'SystemVoidCosmosCoreINTsHandleInterrupt_2ACosmosCoreINTsIRQContext', ID = '310'
Method 'SystemVoidCosmosCoreINTsHandleInterrupt_2BCosmosCoreINTsIRQContext', ID = '311'
Method 'SystemVoidCosmosCoreINTsHandleInterrupt_2CCosmosCoreINTsIRQContext', ID = '312'
Method 'SystemVoidCosmosCoreINTsHandleInterrupt_2DCosmosCoreINTsIRQContext', ID = '313'
Method 'SystemVoidCosmosCoreINTsHandleInterrupt_2ECosmosCoreINTsIRQContext', ID = '314'
Method 'SystemVoidCosmosCoreINTsHandleInterrupt_2FCosmosCoreINTsIRQContext', ID = '315'
Method 'SystemVoidCosmosCoreINTsHandleInterrupt_30CosmosCoreINTsIRQContext', ID = '316'
Method 'SystemVoidCosmosCoreINTsHandleInterrupt_35CosmosCoreINTsIRQContext', ID = '317'
Method 'SystemVoidCosmosCoreINTsHandleInterrupt_40CosmosCoreINTsIRQContext', ID = '318'
Method 'SystemVoidCosmosCoreINTsHandleInterrupt_41CosmosCoreINTsIRQContext', ID = '319'
Method 'SystemVoidCosmosCoreINTsHandleInterrupt_42CosmosCoreINTsIRQContext', ID = '320'
Method 'SystemVoidCosmosCoreINTsHandleInterrupt_43CosmosCoreINTsIRQContext', ID = '321'
Method 'SystemVoidCosmosCoreINTsHandleInterrupt_44CosmosCoreINTsIRQContext', ID = '322'
Method 'SystemVoidCosmosCoreINTsHandleInterrupt_45CosmosCoreINTsIRQContext', ID = '323'
Method 'SystemVoidCosmosCoreINTsHandleInterrupt_46CosmosCoreINTsIRQContext', ID = '324'
Method 'SystemVoidCosmosCoreINTsHandleInterrupt_47CosmosCoreINTsIRQContext', ID = '325'
Method 'SystemVoidCosmosCoreINTsHandleInterrupt_48CosmosCoreINTsIRQContext', ID = '326'
Method 'SystemVoidCosmosCoreINTsHandleInterrupt_49CosmosCoreINTsIRQContext', ID = '327'
Method 'SystemVoidCosmosCoreIOGroupPICctorSystemBoolean', ID = '329'
Method 'SystemVoidCosmosCorePICRemapSystemByteSystemByteSystemByteSystemByte', ID = '330'
Method 'SystemVoidCosmosCorePlugsAsmCPUImplUpdateIDTSystemBoolean', ID = '331'
Method 'SystemVoidCosmosCorePlugsAsmCPUImplInitSSE', ID = '332'
Method 'SystemVoidCosmosCorePlugsAsmCPUImplInitFloat', ID = '333'
Method 'SystemVoidCosmosCoreIOGroupTextScreenctor', ID = '335'
Method 'SystemVoidCosmosHALTextScreenBasector', ID = '336'
Method 'SystemVoidCosmosHALPCISetup', ID = '345'
Method 'SystemVoidCosmosHALBlockDeviceAtaPioctorCosmosCoreIOGroupATACosmosHALBlockDeviceAtaControllerIdEnumCosmosHALBlockDeviceAtaBusPositionEnum', ID = '348'
Method 'CosmosHALBlockDeviceAtaPioSpecLevelCosmosHALBlockDeviceAtaPioget_DriveType', ID = '349'
Method 'SystemVoidSystemCollectionsGenericList1CosmosHALBlockDeviceBlockDeviceAddCosmosHALBlockDeviceBlockDevice', ID = '352'
Method 'SystemVoidCosmosHALBlockDeviceMBRctorSystemBytearray', ID = '356'
Method 'SystemVoidCosmosHALBlockDeviceEBRctorSystemBytearray', ID = '358'
Method 'SystemInt32SystemCollectionsGenericList1CosmosHALBlockDeviceEBRPartInfoget_Count', ID = '360'
Method 'SystemInt32SystemCollectionsGenericList1CosmosHALBlockDeviceMBRPartInfoget_Count', ID = '361'
Method 'SystemVoidCosmosDebugKernelDebuggerSendNumberSystemInt32', ID = '362'
Method 'CosmosHALBlockDeviceMBRPartInfoSystemCollectionsGenericList1CosmosHALBlockDeviceMBRPartInfoget_ItemSystemInt32', ID = '363'
Method 'SystemVoidCosmosHALBlockDevicePartitionctorCosmosHALBlockDeviceBlockDeviceSystemUInt64SystemUInt64', ID = '365'
Method 'SystemVoidCosmosCoreBaseIOGroupsctor', ID = '370'
Method 'SystemVoidCosmosCoreIOGroupMousector', ID = '371'
Method 'SystemVoidCosmosCoreIOGroupPCSpeakerctor', ID = '373'
Method 'SystemVoidCosmosHALPS2KeyboardInitialize', ID = '375'
Method 'SystemVoidCosmosHALPS2KeyboardUpdateLeds', ID = '376'
Method 'SystemVoidSystemCollectionsGenericList1CosmosHALKeyboardBasector', ID = '377'
Method 'SystemVoidSystemCollectionsGenericQueue1CosmosSystemKeyEventctor', ID = '378'
Method 'CosmosSystemKeyMappingSystemCollectionsGenericList1CosmosSystemKeyMappingget_ItemSystemInt32', ID = '383'
Method 'SystemInt32SystemCollectionsGenericList1CosmosSystemKeyMappingget_Count', ID = '385'
Method 'SystemCollectionsGenericList1EnumeratorCosmosHALKeyboardBaseSystemCollectionsGenericList1CosmosHALKeyboardBaseGetEnumerator', ID = '386'
Method 'CosmosHALKeyboardBaseSystemCollectionsGenericList1EnumeratorCosmosHALKeyboardBaseget_Current', ID = '387'
Method 'SystemBooleanSystemCollectionsGenericList1EnumeratorCosmosHALKeyboardBaseMoveNext', ID = '388'
Method 'SystemVoidCosmosHALPowerReboot', ID = '395'
Method 'SystemBooleanCosmosSystemKeyboardManagerget_ShiftPressed', ID = '397'
Method 'CosmosSystemKeyEventCosmosSystemScanMapBaseConvertScanCodeSystemByteSystemBooleanSystemBooleanSystemBooleanSystemBooleanSystemBooleanSystemBoolean', ID = '398'
Method 'SystemVoidSystemCollectionsGenericQueue1CosmosSystemKeyEventEnqueueCosmosSystemKeyEvent', ID = '400'
Method 'SystemVoidSystemNotImplementedExceptionctor', ID = '402'
Method 'SystemVoidSystemCollectionsGenericList1CosmosHALKeyboardBasecctor', ID = '403'
Method 'SystemVoidSystemCollectionsGenericList1CosmosHALKeyboardBaseset_CapacitySystemInt32', ID = '404'
Method 'SystemVoidCosmosSystemPlugsSystemConsoleImplClear', ID = '405'
Method 'SystemVoidCosmosSystemScanMapBasector', ID = '407'
Method 'SystemVoidCosmosSystemPlugsSystemConsoleImplset_ForegroundColorSystemConsoleColor', ID = '409'
Method 'SystemVoidCosmosSystemPlugsSystemConsoleImplset_BackgroundColorSystemConsoleColor', ID = '410'
Method 'SystemBooleanSystemStringIsNullOrEmptySystemString', ID = '411'
Method 'SystemVoidSystemStringFillStringCheckedSystemStringSystemInt32SystemString', ID = '414'
Method 'SystemVoidCosmosSystemPlugsSystemConsoleImplWriteSystemString', ID = '415'
Method 'SystemStringCosmosSystemPlugsSystemConsoleImplReadLine', ID = '416'
Method 'SystemBooleanSystemStringEqualsSystemStringSystemString', ID = '417'
Method 'SystemVoidCosmosSystemFileSystemVFSVFSBasector', ID = '419'
Method 'SystemVoidCosmosHALPCSpeakerctor', ID = '425'
Method 'SystemVoidCosmosCorePlugsAsmCPUImplDoEnableInterrupts', ID = '427'
Method 'SystemVoidSystemCharcctor', ID = '431'
Method 'SystemStringSystemCharToString', ID = '432'
Method 'SystemStringarraySystemStringSplitInternalSystemChararraySystemInt32SystemStringSplitOptions', ID = '435'
Method 'SystemVoidSystemArgumentNullExceptionctorSystemString', ID = '443'
Method 'SystemVoidCosmosSystemPlugsSystemConsoleImplWriteLineSystemInt32', ID = '448'
Method 'SystemVoidCosmosSystemPlugsSystemConsoleImplWriteLineSystemInt64', ID = '451'
Method 'SystemVoidCaOS_microtxtmain', ID = '455'
Method 'SystemVoidCosmosSystemPlugsSystemConsoleImplcctor', ID = '460'
Method 'SystemVoidCosmosSystemConsoleUpdateCursor', ID = '462'
Method 'SystemVoidCosmosSystemConsoleWriteCharSystemChar', ID = '463'
Method 'SystemTypeCosmosCorePlugsSystemObjectImplGetType', ID = '466'
Method 'SystemStringCosmosCommonStringHelperGetNumberStringSystemInt32', ID = '469'
Method 'SystemStringCosmosCommonStringHelperGetNumberStringSystemUInt32', ID = '472'
Method 'SystemVoidCosmosCorePlugsSystemObjectImplcctor', ID = '474'
Method 'SystemVoidCosmosDebugKernelPlugsAsmDebuggerDoSendNumberSystemUInt32', ID = '475'
Method 'SystemUInt32CosmosCorePlugsAsmCPUImplGetEndOfKernel', ID = '476'
Method 'SystemVoidCosmosCorePlugsAsmCPUImplZeroFillSystemUInt32SystemUInt32', ID = '477'
Method 'SystemVoidCosmosCoreMemoryOldHeapcctor', ID = '478'
Method 'SystemVoidCosmosCoreMemoryOldHeapDoInitializeSystemUInt32', ID = '482'
Method 'SystemStringCosmosCorePlugsSystemEnvironmentImplGetResourceStringSystemString', ID = '488'
Method 'SystemStringCosmosSystemPlugsSystemIntPtrImplToString', ID = '489'
Method 'SystemVoidCosmosCoreCommonCPUctor', ID = '490'
Method 'SystemVoidCosmosCoreINTscctor', ID = '491'
Method 'CosmosCorePICCosmosCoreGlobalget_PIC', ID = '493'
Method 'SystemVoidCosmosCorePICEoiSlave', ID = '494'
Method 'SystemVoidCosmosCorePICEoiMaster', ID = '495'
Method 'SystemVoidCosmosCoreINTsHandleExceptionSystemUInt32SystemStringSystemStringCosmosCoreINTsIRQContextSystemUInt32', ID = '496'
Method 'SystemVoidCosmosCorePlugsAsmDelegateImplInvoke', ID = '663'
Method 'SystemVoidCosmosCoreINTsIRQSystemUInt32CosmosCoreINTsIRQContext', ID = '500'
Method 'SystemVoidCosmosCoreCommonIOPortctorSystemUInt16', ID = '503'
Method 'SystemVoidCosmosCoreIOGroupIOGroupctor', ID = '504'
Method 'SystemByteCosmosCoreCommonIOPortget_Byte', ID = '505'
Method 'SystemVoidCosmosCoreCommonIOPortset_ByteSystemByte', ID = '506'
Method 'SystemVoidCosmosCoreCommonIOPortWait', ID = '507'
Method 'SystemVoidCosmosCoreMemoryBlockctorSystemUInt32SystemUInt32', ID = '509'
Method 'SystemVoidCosmosHALTextScreenSetColorsSystemConsoleColorSystemConsoleColor', ID = '511'
Method 'SystemUInt16CosmosHALTextScreenget_Cols', ID = '513'
Method 'SystemUInt16CosmosHALTextScreenget_Rows', ID = '514'
Method 'SystemVoidCosmosHALTextScreenSetCursorSizeSystemInt32', ID = '515'
Method 'SystemVoidCosmosHALTextScreenSetCursorVisibleSystemBoolean', ID = '516'
Method 'SystemVoidCosmosSystemPlugsSystemConsoleImplWriteLine', ID = '517'
Method 'SystemVoidCosmosHALPCIEnumerateDevices', ID = '519'
Method 'SystemVoidCosmosHALBlockDeviceAtactor', ID = '524'
Method 'SystemVoidCosmosCoreCommonIOPortWriteset_ByteSystemByte', ID = '525'
Method 'CosmosHALBlockDeviceAtaPioSpecLevelCosmosHALBlockDeviceAtaPioDiscoverDrive', ID = '526'
Method 'SystemVoidCosmosHALBlockDeviceAtaPioInitDrive', ID = '527'
Method 'SystemVoidCosmosHALBlockDeviceBlockDevicecctor', ID = '529'
Method 'SystemVoidSystemCollectionsGenericList1CosmosHALBlockDeviceBlockDeviceEnsureCapacitySystemInt32', ID = '531'
Method 'SystemVoidCosmosHALBlockDeviceAtacctor', ID = '532'
Method 'SystemStringCosmosHALBlockDeviceAtaToString', ID = '533'
Method 'SystemVoidCosmosHALBlockDeviceAtaPioReadBlockSystemUInt64SystemUInt64SystemBytearray', ID = '536'
Method 'SystemVoidSystemCollectionsGenericList1CosmosHALBlockDeviceMBRPartInfoctor', ID = '537'
Method 'SystemVoidCosmosHALBlockDeviceMBRParsePartitionSystemBytearraySystemUInt32', ID = '538'
Method 'SystemVoidSystemCollectionsGenericList1CosmosHALBlockDeviceEBRPartInfoctor', ID = '539'
Method 'SystemVoidCosmosHALBlockDeviceEBRParsePartitionSystemBytearraySystemUInt32', ID = '540'
Method 'SystemVoidSystemThrowHelperThrowArgumentOutOfRangeException', ID = '544'
Method 'SystemVoidCosmosHALBlockDeviceBlockDevicector', ID = '546'
Method 'SystemUInt64CosmosHALBlockDeviceBlockDeviceget_BlockSize', ID = '547'
Method 'SystemVoidCosmosCoreIOGroupKeyboardctor', ID = '548'
Method 'SystemVoidCosmosCoreIOGroupPITctor', ID = '549'
Method 'SystemVoidCosmosCoreIOGroupATActorSystemBoolean', ID = '550'
Method 'SystemVoidCosmosCoreIOGroupRTCctor', ID = '551'
Method 'SystemVoidCosmosCoreIOGroupVBEctor', ID = '552'
Method 'SystemVoidCosmosHALPS2KeyboardHandleIRQCosmosCoreINTsIRQContext', ID = '555'
Method 'SystemVoidCosmosCorePlugsAsmDelegateImplCtorSystemObjectSystemIntPtr', ID = '189'
Method 'SystemVoidCosmosCoreINTsSetIrqHandlerSystemByteCosmosCoreINTsIRQDelegate', ID = '557'
Method 'CosmosSystemKeyEventarraySystemArrayEmptyCosmosSystemKeyEvent', ID = '560'
Method 'SystemStringCosmosSystemPlugsSystemByteImplToString', ID = '561'
Method 'SystemVoidSystemCollectionsGenericList1EnumeratorCosmosHALKeyboardBasectorSystemCollectionsGenericList1CosmosHALKeyboardBase', ID = '563'
Method 'SystemBooleanSystemCollectionsGenericList1EnumeratorCosmosHALKeyboardBaseMoveNextRare', ID = '564'
Method 'SystemVoidSystemCollectionsGenericList1EnumeratorCosmosHALKeyboardBaseDispose', ID = '566'
Method 'CosmosCoreCommonCPUCosmosCoreGlobalget_CPU', ID = '568'
Method 'SystemVoidCosmosCoreCommonCPUReboot', ID = '569'
Method 'SystemVoidCosmosSystemKeyEventctor', ID = '570'
Method 'SystemConsoleModifiersCosmosSystemKeyEventget_Modifiers', ID = '571'
Method 'SystemVoidCosmosSystemKeyEventset_ModifiersSystemConsoleModifiers', ID = '572'
Method 'SystemVoidCosmosSystemKeyEventset_TypeCosmosSystemKeyEventKeyEventType', ID = '573'
Method 'SystemVoidCosmosSystemKeyEventset_KeyCharSystemChar', ID = '574'
Method 'SystemVoidCosmosSystemKeyEventset_KeyCosmosSystemConsoleKeyEx', ID = '575'
Method 'SystemVoidSystemCollectionsGenericQueue1CosmosSystemKeyEventSetCapacitySystemInt32', ID = '576'
Method 'SystemVoidSystemCollectionsGenericQueue1CosmosSystemKeyEventMoveNextSystemInt32', ID = '577'
Method 'SystemVoidSystemThrowHelperThrowArgumentOutOfRangeExceptionSystemExceptionArgumentSystemExceptionResource', ID = '578'
Method 'SystemVoidCosmosSystemConsoleClear', ID = '579'
Method 'SystemVoidCosmosSystemConsoleset_ForegroundSystemConsoleColor', ID = '582'
Method 'SystemVoidCosmosSystemConsoleset_BackgroundSystemConsoleColor', ID = '584'
Method 'SystemInt32CosmosCorePlugsSystemStringImplget_LengthSystemInt32', ID = '585'
Method 'SystemStringCosmosCorePlugsSystemStringImplFastAllocateStringSystemInt32', ID = '586'
Method 'SystemVoidSystemIndexOutOfRangeExceptionctor', ID = '587'
Method 'SystemVoidSystemStringwstrcpySystemCharpointerSystemCharpointerSystemInt32', ID = '588'
Method 'SystemVoidSystemCollectionsGenericList1SystemCharctorSystemInt32', ID = '589'
Method 'CosmosSystemConsoleKeyExCosmosSystemKeyEventget_Key', ID = '590'
Method 'SystemInt32CosmosSystemConsoleget_X', ID = '591'
Method 'SystemVoidSystemCollectionsGenericList1SystemCharRemoveAtSystemInt32', ID = '592'
Method 'SystemVoidCosmosSystemConsoleset_XSystemInt32', ID = '593'
Method 'SystemCharSystemCollectionsGenericList1SystemCharget_ItemSystemInt32', ID = '594'
Method 'SystemVoidCosmosSystemPlugsSystemConsoleImplWriteSystemChar', ID = '595'
Method 'SystemInt32SystemCollectionsGenericList1SystemCharget_Count', ID = '596'
Method 'SystemCharCosmosSystemKeyEventget_KeyChar', ID = '597'
Method 'SystemVoidSystemCollectionsGenericList1SystemCharAddSystemChar', ID = '598'
Method 'SystemVoidSystemCollectionsGenericList1SystemCharctor', ID = '599'
Method 'CosmosSystemKeyEventCosmosSystemKeyboardManagerReadKey', ID = '600'
Method 'SystemChararraySystemCollectionsGenericList1SystemCharToArray', ID = '601'
Method 'SystemVoidCosmosSystemFileSystemCosmosVFSInitialize', ID = '604'
Method 'SystemVoidCosmosSystemPlugsSystemConsoleImplBeepSystemInt32SystemInt32', ID = '606'
Method 'SystemGlobalizationCultureInfoCosmosCorePlugsSystemGlobalizationCultureInfoImplget_CurrentCulture', ID = '608'
Method 'SystemStringCosmosCorePlugsSystemStringImplToLowerSystemGlobalizationCultureInfo', ID = '609'
Method 'SystemInt32CosmosCorePlugsSystemStringImplIndexOfSystemCharSystemInt32SystemInt32', ID = '610'
Method 'SystemVoidCosmosCorePlugsAsmRuntimeHelpersImplInitializeArraySystemArraySystemRuntimeFieldHandle', ID = '612'
Method 'SystemStringSystemCharToStringSystemChar', ID = '614'
Method 'SystemVoidSystemArgumentOutOfRangeExceptionctorSystemStringSystemString', ID = '616'
Method 'SystemStringSystemEnvironmentGetResourceStringSystemStringSystemObjectarray', ID = '617'
Method 'SystemVoidSystemArgumentExceptionctorSystemString', ID = '618'
Method 'SystemInt32SystemStringMakeSeparatorListSystemChararraySystemInt32array', ID = '621'
Method 'SystemStringarraySystemStringInternalSplitOmitEmptyEntriesSystemInt32arraySystemInt32arraySystemInt32SystemInt32', ID = '622'
Method 'SystemStringarraySystemStringInternalSplitKeepEmptyEntriesSystemInt32arraySystemInt32arraySystemInt32SystemInt32', ID = '623'
Method 'SystemCharCosmosCorePlugsSystemStringImplget_CharsSystemInt32SystemCharpointer', ID = '624'
Method 'SystemIODirectoryInfoCosmosSystemPlugsSystemIODirectoryImplCreateDirectorySystemString', ID = '627'
Method 'SystemStringarrayCosmosSystemPlugsSystemIODirectoryImplGetFilesSystemString', ID = '628'
Method 'SystemStringarrayCosmosSystemPlugsSystemIODirectoryImplGetDirectoriesSystemString', ID = '629'
Method 'SystemInt32CosmosCorePlugsSystemArrayImplGetLowerBoundSystemInt32', ID = '631'
Method 'SystemVoidCosmosCorePlugsAsmArrayImplCopySystemArraySystemInt32SystemArraySystemInt32SystemInt32SystemBoolean', ID = '632'
Method 'SystemInt32CosmosSystemPlugsSystemInt32ImplParseSystemString', ID = '633'
Method 'SystemStringCosmosSystemPlugsSystemInt64ImplToString', ID = '634'
Method 'SystemVoidCosmosSystemPlugsSystemConsoleImplset_CursorTopSystemInt32', ID = '635'
Method 'SystemVoidCosmosSystemPlugsSystemConsoleImplset_CursorLeftSystemInt32', ID = '636'
Method 'SystemConsoleKeyInfoSystemConsoleReadKey', ID = '637'
Method 'SystemConsoleKeySystemConsoleKeyInfoget_Key', ID = '638'
Method 'SystemVoidCosmosSystemPlugsSystemIODirectoryImplDeleteSystemString', ID = '641'
Method 'SystemVoidCosmosHALTextScreenScrollUp', ID = '644'
Method 'SystemStringSystemArgumentOutOfRangeExceptionget_Message', ID = '649'
Method 'SystemStringSystemArgumentExceptionget_Message', ID = '650'
Method 'SystemStringCosmosCorePlugsSystemExceptionImplget_Message', ID = '651'
Method 'SystemVoidCosmosCorePlugsAsmCPUImplDoDisableInterrupts', ID = '652'
Method 'SystemUInt32CosmosCorePlugsAsmCPUImplGetAmountOfRAM', ID = '653'
Method 'SystemVoidSystemEnvironmentcctor', ID = '655'
Method 'SystemStringCosmosCorePlugsSystemEnvironmentImplGetResourceFromDefaultSystemString', ID = '657'
Method 'SystemVoidCosmosCoreINTsPutErrorCharSystemInt32SystemInt32SystemChar', ID = '661'
Method 'SystemVoidCosmosCoreINTsPutErrorStringSystemInt32SystemInt32SystemString', ID = '662'
Method 'SystemVoidCosmosCoreCommonIOPortBasectorSystemUInt16', ID = '665'
Method 'SystemVoidCosmosCoreMemoryBlock08ctorSystemUInt32SystemUInt32', ID = '669'
Method 'SystemVoidCosmosCoreMemoryBlock16ctorSystemUInt32SystemUInt32', ID = '670'
Method 'SystemVoidCosmosCoreMemoryBlock32ctorSystemUInt32SystemUInt32', ID = '671'
Method 'SystemVoidCosmosHALPCIcctor', ID = '673'
Method 'SystemVoidSystemCollectionsGenericList1CosmosHALPCIDevicector', ID = '674'
Method 'SystemStringCosmosSystemPlugsSystemEnumImplToString', ID = '676'
Method 'SystemVoidCosmosHALBlockDeviceAtaPiocctor', ID = '677'
Method 'SystemStringCosmosHALBlockDeviceAtaPioToString', ID = '678'
Method 'SystemVoidCosmosHALBlockDeviceAtaPioSelectDriveSystemByte', ID = '680'
Method 'CosmosHALBlockDeviceAtaPioStatusCosmosHALBlockDeviceAtaPioSendCmdCosmosHALBlockDeviceAtaPioCmdSystemBoolean', ID = '681'
Method 'CosmosHALBlockDeviceAtaPioStatusCosmosHALBlockDeviceAtaPioSendCmdCosmosHALBlockDeviceAtaPioCmd', ID = '682'
Method 'SystemVoidCosmosCoreCommonIOPortBaseRead16SystemUInt16array', ID = '683'
Method 'SystemStringCosmosHALBlockDeviceAtaPioGetStringSystemUInt16arraySystemInt32SystemInt32', ID = '684'
Method 'SystemVoidSystemCollectionsGenericList1CosmosHALBlockDeviceBlockDevicector', ID = '685'
Method 'SystemVoidSystemCollectionsGenericList1CosmosHALBlockDeviceBlockDevicecctor', ID = '686'
Method 'SystemVoidSystemCollectionsGenericList1CosmosHALBlockDeviceBlockDeviceset_CapacitySystemInt32', ID = '687'
Method 'SystemVoidCosmosHALBlockDeviceBlockDeviceCheckDataSizeSystemBytearraySystemUInt64', ID = '689'
Method 'SystemVoidCosmosHALBlockDeviceAtaPioSelectSectorSystemUInt64SystemUInt64', ID = '690'
Method 'SystemVoidCosmosCoreCommonIOPortBaseRead8SystemBytearray', ID = '691'
Method 'SystemUInt32CosmosCommonExtensionsByteConverterToUInt32SystemBytearraySystemUInt64', ID = '693'
Method 'SystemVoidCosmosHALBlockDeviceMBRPartInfoctorSystemByteSystemUInt32SystemUInt32', ID = '694'
Method 'SystemVoidSystemCollectionsGenericList1CosmosHALBlockDeviceMBRPartInfoAddCosmosHALBlockDeviceMBRPartInfo', ID = '695'
Method 'SystemVoidCosmosHALBlockDeviceEBRPartInfoctorSystemByteSystemUInt32SystemUInt32', ID = '697'
Method 'SystemVoidSystemCollectionsGenericList1CosmosHALBlockDeviceEBRPartInfoAddCosmosHALBlockDeviceEBRPartInfo', ID = '698'
Method 'SystemVoidSystemCollectionsGenericList1CosmosHALBlockDeviceEBRPartInfocctor', ID = '699'
Method 'SystemVoidSystemCollectionsGenericList1CosmosHALBlockDeviceMBRPartInfocctor', ID = '700'
Method 'SystemVoidCosmosDebugKernelPlugsAsmDebuggerDoSendNumberSystemInt32', ID = '701'
Method 'SystemStringCosmosHALBlockDevicePartitionToString', ID = '703'
Method 'SystemVoidCosmosHALBlockDevicePartitionReadBlockSystemUInt64SystemUInt64SystemBytearray', ID = '704'
Method 'SystemVoidCosmosCoreCommonIOPortWritectorSystemUInt16', ID = '707'
Method 'SystemUInt16CosmosCoreIOGroupATAGetBAR0SystemBoolean', ID = '708'
Method 'SystemUInt16CosmosCoreIOGroupATAGetBAR1SystemBoolean', ID = '709'
Method 'SystemVoidCosmosCoreCommonIOPortWritectorSystemUInt16SystemUInt16', ID = '710'
Method 'SystemVoidCosmosCoreCommonIOPortctorSystemUInt16SystemUInt16', ID = '711'
Method 'SystemVoidCosmosCoreCommonIOPortReadctorSystemUInt16SystemUInt16', ID = '712'
Method 'SystemVoidCosmosCorePlugsAsmDelegateImplInvoke', ID = '663'
Method 'SystemVoidCosmosCoreINTsSetIntHandlerSystemByteCosmosCoreINTsIRQDelegate', ID = '716'
Method 'SystemVoidSystemCollectionsGenericList1CosmosSystemKeyMappingcctor', ID = '722'
Method 'SystemVoidSystemThrowHelperThrowInvalidOperationExceptionSystemExceptionResource', ID = '723'
Method 'SystemStringSystemThrowHelperGetArgumentNameSystemExceptionArgument', ID = '729'
Method 'SystemStringSystemThrowHelperGetResourceNameSystemExceptionResource', ID = '730'
Method 'SystemVoidCosmosSystemScanMapsUS_StandardInitKeys', ID = '732'
Method 'SystemConsoleColorCosmosSystemConsoleget_Background', ID = '733'
Method 'SystemConsoleColorCosmosSystemConsoleget_Foreground', ID = '734'
Method 'SystemVoidSystemBufferMemcpySystemBytepointerSystemBytepointerSystemInt32', ID = '739'
Method 'SystemVoidSystemCollectionsGenericList1SystemCharEnsureCapacitySystemInt32', ID = '742'
Method 'SystemVoidCosmosHALKeyboardBaseWaitForKey', ID = '743'
Method 'SystemInt32SystemCollectionsGenericQueue1CosmosSystemKeyEventget_Count', ID = '744'
Method 'CosmosSystemKeyEventSystemCollectionsGenericQueue1CosmosSystemKeyEventDequeue', ID = '745'
Method 'SystemVoidCosmosCorePlugsSystemStringImplCtorSystemChararraySystemStringSystemInt32SystemCharpointer', ID = '746'
Method 'SystemBooleanCosmosCorePlugsSystemStringImplEqualsHelperSystemStringSystemString', ID = '747'
Method 'SystemVoidSystemCollectionsGenericList1CosmosHALBlockDevicePartitionctor', ID = '748'
Method 'SystemVoidSystemCollectionsGenericList1CosmosSystemFileSystemFileSystemctor', ID = '749'
Method 'SystemVoidCosmosSystemFileSystemCosmosVFSInitializePartitions', ID = '750'
Method 'SystemInt32SystemCollectionsGenericList1CosmosHALBlockDevicePartitionget_Count', ID = '751'
Method 'SystemVoidCosmosSystemFileSystemCosmosVFSInitializeFileSystems', ID = '752'
Method 'SystemStringSystemGlobalizationCultureInfoToString', ID = '754'
Method 'SystemStringCosmosCorePlugsSystemStringImplChangeCasingSystemStringSystemInt32SystemInt32SystemInt32', ID = '756'
Method 'SystemVoidEmptyArray1SystemStringcctor', ID = '762'
Method 'SystemBooleanSystemCharIsWhiteSpaceSystemChar', ID = '764'
Method 'SystemStringSystemStringSubstringSystemInt32SystemInt32', ID = '765'
Method 'SystemStringSystemStringSubstringSystemInt32', ID = '766'
Method 'SystemStringSystemIODirectoryInfoToString', ID = '768'
Method 'CosmosSystemFileSystemListingDirectoryEntryCosmosSystemFileSystemVFSVFSManagerCreateDirectorySystemString', ID = '770'
Method 'SystemVoidSystemIODirectoryInfoctorSystemString', ID = '771'
Method 'SystemVoidSystemCollectionsGenericList1SystemStringctor', ID = '772'
Method 'SystemCollectionsGenericList1CosmosSystemFileSystemListingDirectoryEntryCosmosSystemFileSystemVFSVFSManagerGetDirectoryListingSystemString', ID = '773'
Method 'CosmosSystemFileSystemListingDirectoryEntrySystemCollectionsGenericList1CosmosSystemFileSystemListingDirectoryEntryget_ItemSystemInt32', ID = '774'
Method 'SystemVoidSystemCollectionsGenericList1SystemStringAddSystemString', ID = '776'
Method 'SystemInt32SystemCollectionsGenericList1CosmosSystemFileSystemListingDirectoryEntryget_Count', ID = '777'
Method 'SystemStringarraySystemCollectionsGenericList1SystemStringToArray', ID = '778'
Method 'SystemVoidSystemFormatExceptionctor', ID = '782'
Method 'SystemStringCosmosCommonStringHelperGetNumberStringSystemInt64', ID = '785'
Method 'SystemInt32CosmosSystemPlugsSystemConsoleImplget_WindowHeight', ID = '786'
Method 'SystemVoidCosmosSystemConsoleset_YSystemInt32', ID = '787'
Method 'SystemInt32CosmosSystemPlugsSystemConsoleImplget_WindowWidth', ID = '788'
Method 'SystemInt32CosmosSystemPlugsSystemConsoleImplget_CursorTop', ID = '792'
Method 'SystemInt32CosmosSystemPlugsSystemConsoleImplget_CursorLeft', ID = '793'
Method 'SystemVoidCosmosSystemPlugsSystemIODirectoryImplDeleteSystemStringSystemBoolean', ID = '794'
Method 'SystemVoidCosmosHALTextScreenSetCursorPosSystemInt32SystemInt32', ID = '795'
Method 'SystemVoidCosmosHALTextScreenset_ItemSystemInt32SystemInt32SystemChar', ID = '796'
Method 'SystemVoidCosmosCoreMemoryBlockMoveDownSystemUInt32SystemUInt32SystemUInt32', ID = '797'
Method 'SystemVoidCosmosCoreMemoryBlockFillSystemUInt32SystemUInt32SystemUInt16', ID = '798'
Method 'SystemVoidCosmosSystemPlugsSystemTypeImplCCtor', ID = '799'
Method 'SystemStringCosmosSystemPlugsSystemTypeImplToString', ID = '800'
Method 'SystemVoidCosmosCommonStringHelpercctor', ID = '801'
Method 'SystemStringSystemEnvironmentget_NewLine', ID = '802'
Method 'SystemByteCosmosCorePlugsAsmIOPortImplRead8SystemUInt16', ID = '803'
Method 'SystemVoidCosmosCorePlugsAsmIOPortImplWrite8SystemUInt16SystemByte', ID = '804'
Method 'SystemStringCosmosSystemPlugsSystemUInt16ImplToString', ID = '808'
Method 'SystemVoidCosmosHALBlockDeviceAtaPioWait', ID = '814'
Method 'SystemByteCosmosCoreCommonIOPortReadget_Byte', ID = '817'
Method 'SystemVoidCosmosHALBlockDeviceAtaPioDebugSystemString', ID = '818'
Method 'SystemVoidCosmosHALBlockDeviceAtaPioDebugHexSystemStringSystemUInt32', ID = '819'
Method 'SystemStringCosmosSystemPlugsSystemUInt64ImplToString', ID = '823'
Method 'SystemVoidCosmosHALBlockDeviceBlockDeviceCheckBlockNoSystemUInt64SystemUInt64', ID = '824'
Method 'SystemVoidCosmosCoreCommonIOPortWriteset_WordSystemUInt16', ID = '825'
Method 'SystemVoidSystemCollectionsGenericList1CosmosHALBlockDeviceMBRPartInfoEnsureCapacitySystemInt32', ID = '827'
Method 'SystemVoidSystemCollectionsGenericList1CosmosHALBlockDeviceEBRPartInfoEnsureCapacitySystemInt32', ID = '829'
Method 'SystemVoidCosmosCoreCommonIOPortBasectorSystemUInt16SystemUInt16', ID = '830'
Method 'SystemVoidEmptyArray1CosmosSystemKeyEventcctor', ID = '832'
Method 'SystemVoidCosmosCorePlugsAsmCPUImplHalt', ID = '834'
Method 'SystemVoidCosmosHALTextScreenClear', ID = '835'
Method 'SystemVoidSystemCollectionsGenericList1CosmosSystemKeyMappingctorSystemInt32', ID = '836'
Method 'SystemVoidCosmosSystemKeyMappingctorSystemByteCosmosSystemConsoleKeyEx', ID = '837'
Method 'SystemVoidSystemCollectionsGenericList1CosmosSystemKeyMappingAddCosmosSystemKeyMapping', ID = '838'
Method 'SystemVoidCosmosSystemKeyMappingctorSystemByteSystemCharSystemCharSystemCharSystemCharSystemCharSystemCharCosmosSystemConsoleKeyEx', ID = '839'
Method 'SystemVoidCosmosSystemKeyMappingctorSystemByteSystemCharCosmosSystemConsoleKeyEx', ID = '840'
Method 'SystemVoidCosmosSystemKeyMappingctorSystemByteSystemCharSystemCharSystemCharSystemCharSystemCharSystemCharCosmosSystemConsoleKeyExCosmosSystemConsoleKeyEx', ID = '841'
Method 'SystemVoidCosmosCorePlugsSystemStringImplcctor', ID = '843'
Method 'SystemVoidSystemBufferMemmoveSystemBytepointerSystemBytepointerSystemUInt32', ID = '846'
Method 'SystemVoidSystemCollectionsGenericList1SystemCharcctor', ID = '847'
Method 'SystemVoidSystemCollectionsGenericList1SystemCharset_CapacitySystemInt32', ID = '848'
Method 'SystemStringSystemSRget_InvalidOperation_EmptyQueue', ID = '849'
Method 'CosmosHALBlockDeviceBlockDeviceSystemCollectionsGenericList1CosmosHALBlockDeviceBlockDeviceget_ItemSystemInt32', ID = '856'
Method 'SystemVoidSystemCollectionsGenericList1CosmosHALBlockDevicePartitionAddCosmosHALBlockDevicePartition', ID = '857'
Method 'SystemInt32SystemCollectionsGenericList1CosmosHALBlockDeviceBlockDeviceget_Count', ID = '858'
Method 'CosmosHALBlockDevicePartitionSystemCollectionsGenericList1CosmosHALBlockDevicePartitionget_ItemSystemInt32', ID = '859'
Method 'SystemStringSystemStringConcatSystemObjectSystemObjectSystemObject', ID = '860'
Method 'SystemUInt64CosmosHALBlockDeviceBlockDeviceget_BlockCount', ID = '861'
Method 'SystemCharCosmosSystemFileSystemVFSVFSBaseget_VolumeSeparatorChar', ID = '862'
Method 'SystemCharCosmosSystemFileSystemVFSVFSBaseget_DirectorySeparatorChar', ID = '863'
Method 'CosmosSystemFileSystemFileSystemTypeCosmosSystemFileSystemFileSystemGetFileSystemTypeCosmosHALBlockDevicePartition', ID = '864'
Method 'SystemVoidCosmosSystemFileSystemFATFatFileSystemctorCosmosHALBlockDevicePartitionSystemString', ID = '865'
Method 'SystemVoidSystemCollectionsGenericList1CosmosSystemFileSystemFileSystemAddCosmosSystemFileSystemFileSystem', ID = '866'
Method 'SystemInt32SystemCollectionsGenericList1CosmosSystemFileSystemFileSystemget_Count', ID = '867'
Method 'CosmosSystemFileSystemFileSystemSystemCollectionsGenericList1CosmosSystemFileSystemFileSystemget_ItemSystemInt32', ID = '868'
Method 'SystemStringCosmosSystemFileSystemFileSystemget_mRootPath', ID = '869'
Method 'SystemVoidCosmosCorePlugsSystemGlobalizationCultureInfoImplCCtor', ID = '872'
Method 'SystemVoidCosmosCorePlugsSystemStringImplCtorSystemCharSystemInt32SystemStringSystemInt32SystemCharpointer', ID = '874'
Method 'SystemStringCosmosCorePlugsSystemStringImplFormatSystemIFormatProviderSystemStringSystemObjectarray', ID = '876'
Method 'SystemBooleanSystemCharIsLatin1SystemChar', ID = '877'
Method 'SystemBooleanSystemCharIsWhiteSpaceLatin1SystemChar', ID = '878'
Method 'SystemBooleanSystemGlobalizationCharUnicodeInfoIsWhiteSpaceSystemChar', ID = '879'
Method 'SystemStringSystemStringInternalSubStringSystemInt32SystemInt32', ID = '880'
Method 'SystemStringSystemIOFileSystemInfoget_DisplayPath', ID = '881'
Method 'SystemVoidCosmosSystemPlugsSystemIODirectoryImplcctor', ID = '882'
Method 'SystemVoidSystemIOFileSystemInfoctor', ID = '884'
Method 'SystemBooleanSystemIOPathHelpersShouldReviseDirectoryPathToCurrentSystemString', ID = '885'
Method 'SystemStringSystemIODirectoryInfoGetDisplayNameSystemString', ID = '887'
Method 'SystemVoidSystemIOFileSystemInfoset_DisplayPathSystemString', ID = '888'
Method 'SystemVoidSystemCollectionsGenericList1SystemStringEnsureCapacitySystemInt32', ID = '893'
Method 'SystemInt32CosmosSystemConsoleget_Rows', ID = '895'
Method 'SystemInt32CosmosSystemConsoleget_Cols', ID = '896'
Method 'SystemConsoleKeyInfoCosmosSystemPlugsSystemConsolePalImplReadKeySystemBoolean', ID = '898'
Method 'SystemInt32CosmosSystemConsoleget_Y', ID = '899'
Method 'SystemVoidCosmosSystemFileSystemVFSVFSManagerDeleteDirectorySystemStringSystemBoolean', ID = '900'
Method 'SystemVoidCosmosCoreMemoryBlock08set_ItemSystemUInt32SystemByte', ID = '901'
Method 'SystemVoidCosmosCoreMemoryOperationsFillSystemUInt16pointerSystemUInt16SystemInt32', ID = '902'
Method 'SystemVoidSystemCollectionsGenericList1CosmosHALPCIDevicecctor', ID = '908'
Method 'SystemUInt16CosmosCorePlugsAsmIOPortImplRead16SystemUInt16', ID = '909'
Method 'SystemStringCosmosCommonStringHelperGetNumberStringSystemUInt64', ID = '912'
Method 'SystemVoidSystemCollectionsGenericList1CosmosHALBlockDeviceMBRPartInfoset_CapacitySystemInt32', ID = '914'
Method 'SystemVoidSystemCollectionsGenericList1CosmosHALBlockDeviceEBRPartInfoset_CapacitySystemInt32', ID = '915'
Method 'SystemVoidCosmosCoreMemoryBlockFillSystemUInt16', ID = '916'
Method 'SystemVoidSystemCollectionsGenericList1CosmosSystemKeyMappingEnsureCapacitySystemInt32', ID = '917'
Method 'SystemVoidCosmosSystemKeyMappingctorSystemByteSystemCharSystemCharSystemCharSystemCharSystemCharSystemCharSystemCharSystemCharSystemCharSystemCharCosmosSystemConsoleKeyEx', ID = '918'
Method 'SystemVoidCosmosSystemKeyMappingctorSystemByteSystemCharSystemCharSystemCharSystemCharSystemCharSystemCharSystemCharCosmosSystemConsoleKeyExCosmosSystemConsoleKeyEx', ID = '919'
Method 'SystemByteCosmosHALTextScreenGetColor', ID = '920'
Method 'SystemVoidSystemBuffer_MemmoveSystemBytepointerSystemBytepointerSystemUInt32', ID = '922'
Method 'SystemStringSystemSRGetResourceStringSystemStringSystemString', ID = '924'
Method 'SystemInt32CosmosCorePlugsSystemStringImplCompareToSystemString', ID = '925'
Method 'SystemVoidSystemCollectionsGenericList1CosmosHALBlockDevicePartitioncctor', ID = '926'
Method 'SystemVoidSystemCollectionsGenericList1CosmosSystemFileSystemFileSystemcctor', ID = '927'
Method 'SystemVoidSystemCollectionsGenericList1CosmosHALBlockDevicePartitionEnsureCapacitySystemInt32', ID = '928'
Method 'SystemBooleanCosmosSystemFileSystemFATFatFileSystemIsDeviceFatCosmosHALBlockDevicePartition', ID = '931'
Method 'SystemVoidCosmosSystemFileSystemFileSystemctorCosmosHALBlockDevicePartitionSystemString', ID = '933'
Method 'CosmosHALBlockDevicePartitionCosmosSystemFileSystemFileSystemget_mDevice', ID = '934'
Method 'SystemBytearrayCosmosHALBlockDeviceBlockDeviceNewBlockArraySystemUInt32', ID = '935'
Method 'SystemUInt16CosmosCommonExtensionsByteConverterToUInt16SystemBytearraySystemUInt64', ID = '936'
Method 'SystemVoidCosmosSystemFileSystemFATFatFileSystemFatctorCosmosSystemFileSystemFATFatFileSystemSystemUInt64', ID = '938'
Method 'SystemVoidSystemCollectionsGenericList1CosmosSystemFileSystemFileSystemEnsureCapacitySystemInt32', ID = '939'
Method 'SystemVoidCosmosSystemFileSystemFATFatFileSystemDisplayFileSystemInfo', ID = '940'
Method 'SystemVoidCosmosSystemPlugsSystemIODirectoryImplSetCurrentDirectorySystemString', ID = '941'
Method 'SystemStringCosmosCorePlugsSystemStringImplFormatHelperSystemIFormatProviderSystemStringSystemObjectarray', ID = '942'
Method 'SystemGlobalizationUnicodeCategorySystemGlobalizationCharUnicodeInfoGetUnicodeCategorySystemChar', ID = '944'
Method 'CosmosSystemFileSystemListingDirectoryEntryCosmosSystemFileSystemCosmosVFSCreateDirectorySystemString', ID = '946'
Method 'SystemStringCosmosSystemPlugsSystemIOPathImplGetFullPathSystemString', ID = '949'
Method 'SystemVoidSystemCollectionsGenericList1SystemStringcctor', ID = '950'
Method 'SystemVoidSystemCollectionsGenericList1CosmosSystemFileSystemListingDirectoryEntrycctor', ID = '951'
Method 'SystemCollectionsGenericList1CosmosSystemFileSystemListingDirectoryEntryCosmosSystemFileSystemCosmosVFSGetDirectoryListingSystemString', ID = '952'
Method 'SystemVoidSystemCollectionsGenericList1SystemStringset_CapacitySystemInt32', ID = '953'
Method 'SystemVoidSystemConsolePalcctor', ID = '954'
Method 'SystemConsoleKeyCosmosSystemConsoleKeyExExtensionsToConsoleKeyCosmosSystemConsoleKeyEx', ID = '957'
Method 'SystemVoidSystemConsoleKeyInfoctorSystemCharSystemConsoleKeySystemBooleanSystemBooleanSystemBoolean', ID = '958'
Method 'SystemVoidSystemIOIOExceptionctorSystemString', ID = '961'
Method 'SystemCollectionsGenericList1EnumeratorCosmosSystemFileSystemListingDirectoryEntrySystemCollectionsGenericList1CosmosSystemFileSystemListingDirectoryEntryGetEnumerator', ID = '962'
Method 'CosmosSystemFileSystemListingDirectoryEntrySystemCollectionsGenericList1EnumeratorCosmosSystemFileSystemListingDirectoryEntryget_Current', ID = '963'
Method 'SystemVoidCosmosSystemFileSystemVFSVFSManagerDeleteFileSystemString', ID = '964'
Method 'SystemBooleanSystemCollectionsGenericList1EnumeratorCosmosSystemFileSystemListingDirectoryEntryMoveNext', ID = '965'
Method 'SystemVoidCosmosCorePlugsAsmIOPortImplWrite16SystemUInt16SystemUInt16', ID = '972'
Method 'SystemVoidSystemCollectionsGenericList1CosmosSystemKeyMappingset_CapacitySystemInt32', ID = '973'
Method 'SystemVoidCosmosSystemKeyMappingctorSystemByteSystemCharSystemCharSystemCharSystemCharSystemCharSystemCharSystemCharSystemCharSystemCharSystemCharCosmosSystemConsoleKeyExCosmosSystemConsoleKeyEx', ID = '974'
Method 'SystemResourcesResourceManagerSystemSRget_ResourceManager', ID = '976'
Method 'SystemVoidSystemCollectionsGenericList1CosmosHALBlockDevicePartitionset_CapacitySystemInt32', ID = '979'
Method 'SystemVoidSystemCollectionsGenericList1CosmosSystemFileSystemFileSystemset_CapacitySystemInt32', ID = '980'
Method 'SystemVoidSystemFormatExceptionctorSystemString', ID = '982'
Method 'SystemInt32CosmosCommonStringHelperGetStringToNumberSystemString', ID = '983'
Method 'SystemBooleanSystemCharIsDigitSystemChar', ID = '984'
Method 'SystemVoidSystemGlobalizationCharUnicodeInfocctor', ID = '985'
Method 'SystemGlobalizationUnicodeCategorySystemGlobalizationCharUnicodeInfoInternalGetUnicodeCategorySystemInt32', ID = '987'
Method 'SystemStringSystemStringRemoveSystemInt32', ID = '990'
Method 'CosmosSystemFileSystemFileSystemCosmosSystemFileSystemCosmosVFSGetFileSystemFromPathSystemString', ID = '991'
Method 'SystemVoidSystemIOPathHelperscctor', ID = '993'
Method 'SystemVoidSystemIOPathcctor', ID = '994'
Method 'SystemStringCosmosSystemPlugsSystemIOPathImplNormalizePathSystemStringSystemBoolean', ID = '996'
Method 'CosmosSystemFileSystemListingDirectoryEntryCosmosSystemFileSystemCosmosVFSDoGetDirectoryEntrySystemStringCosmosSystemFileSystemFileSystem', ID = '998'
Method 'SystemVoidSystemIntPtrctorSystemInt32', ID = '1000'
Method 'SystemStringSystemSRget_ArgumentOutOfRange_ConsoleKey', ID = '1004'
Method 'CosmosSystemFileSystemListingDirectoryEntryCosmosSystemFileSystemCosmosVFSGetDirectorySystemString', ID = '1005'
Method 'SystemCollectionsGenericList1CosmosSystemFileSystemListingDirectoryEntryCosmosSystemFileSystemCosmosVFSGetDirectoryListingCosmosSystemFileSystemListingDirectoryEntry', ID = '1006'
Method 'SystemVoidSystemCollectionsGenericList1EnumeratorCosmosSystemFileSystemListingDirectoryEntryctorSystemCollectionsGenericList1CosmosSystemFileSystemListingDirectoryEntry', ID = '1008'
Method 'SystemVoidSystemUnauthorizedAccessExceptionctorSystemString', ID = '1010'
Method 'SystemBooleanSystemCollectionsGenericList1EnumeratorCosmosSystemFileSystemListingDirectoryEntryMoveNextRare', ID = '1012'
Method 'SystemVoidSystemCollectionsGenericList1EnumeratorCosmosSystemFileSystemListingDirectoryEntryDispose', ID = '1013'
Method 'SystemBooleanCosmosSystemFileSystemCosmosVFSDeleteDirectoryCosmosSystemFileSystemListingDirectoryEntry', ID = '1014'
Method 'SystemVoidCosmosCorePlugsMemoryOperationsMemoryOperationsImplFillSystemBytepointerSystemInt32SystemInt32', ID = '1015'
Method 'SystemVoidCosmosCorePlugsSystemBufferImpl__MemmoveSystemBytepointerSystemBytepointerSystemUInt32', ID = '1016'
Method 'SystemTypeSystemSRget_ResourceType', ID = '1019'
Method 'SystemStringCosmosCorePlugsSystemResourcesResourceManagerImplGetStringSystemString', ID = '1021'
Method 'SystemBooleanCosmosCorePlugsSystemStringImplEqualsSystemStringSystemStringComparison', ID = '1023'
Method 'SystemChararrayCosmosCorePlugsSystemStringImplToCharArray', ID = '1024'
Method 'SystemBooleanSystemStringIsNullOrWhiteSpaceSystemString', ID = '1025'
Method 'SystemByteSystemGlobalizationCharUnicodeInfoInternalGetCategoryValueSystemInt32SystemInt32', ID = '1028'
Method 'SystemBooleanCosmosSystemPlugsSystemIODirectoryImplExistsSystemString', ID = '1029'
Method 'SystemStringCosmosSystemPlugsSystemIOPathImplGetFileNameSystemString', ID = '1030'
Method 'CosmosSystemFileSystemListingDirectoryEntryCosmosSystemFileSystemFATFatFileSystemCreateDirectoryCosmosSystemFileSystemListingDirectoryEntrySystemString', ID = '1032'
Method 'SystemBooleanCosmosSystemPlugsSystemIOPathImplIsRelativeSystemString', ID = '1046'
Method 'SystemBooleanCosmosSystemPlugsSystemIOPathImplIsDirectorySeparatorSystemChar', ID = '1048'
Method 'SystemStringarrayCosmosSystemFileSystemVFSVFSManagerSplitPathSystemString', ID = '1049'
Method 'CosmosSystemFileSystemListingDirectoryEntryCosmosSystemFileSystemCosmosVFSGetVolumeCosmosSystemFileSystemFileSystem', ID = '1050'
Method 'SystemCollectionsGenericList1CosmosSystemFileSystemListingDirectoryEntryCosmosSystemFileSystemFATFatFileSystemGetDirectoryListingCosmosSystemFileSystemListingDirectoryEntry', ID = '1051'
Method 'CosmosSystemFileSystemListingDirectoryEntryCosmosSystemFileSystemCosmosVFSGetFileSystemString', ID = '1052'
Method 'SystemBooleanCosmosSystemFileSystemCosmosVFSDeleteFileCosmosSystemFileSystemListingDirectoryEntry', ID = '1054'
Method 'SystemVoidCosmosCorePlugsSystemResourcesResourceManagerImplCtorSystemType', ID = '1062'
Method 'SystemBooleanCosmosCorePlugsSystemCharUnicodeInfoImplInitTable', ID = '1064'
Method 'SystemBooleanCosmosSystemFileSystemVFSVFSManagerDirectoryExistsSystemString', ID = '1067'
Method 'SystemVoidCosmosSystemPlugsSystemIOPathImplCheckInvalidPathCharsSystemStringSystemBoolean', ID = '1068'
Method 'SystemStringCosmosSystemPlugsSystemIOPathImplGetPathRootSystemString', ID = '1069'
Method 'CosmosSystemFileSystemFATListingFatDirectoryEntryCosmosSystemFileSystemFATListingFatDirectoryEntryAddDirectoryEntrySystemStringCosmosSystemFileSystemListingDirectoryEntryTypeEnum', ID = '1071'
Method 'SystemStringCosmosSystemPlugsSystemIODirectoryImplGetCurrentDirectory', ID = '1072'
Method 'SystemChararrayCosmosSystemFileSystemVFSVFSManagerGetDirectorySeparators', ID = '1073'
Method 'SystemStringarraySystemStringSplitSystemChararraySystemStringSplitOptions', ID = '1074'
Method 'SystemVoidSystemCollectionsGenericList1CosmosSystemFileSystemListingDirectoryEntryctor', ID = '1076'
Method 'SystemCollectionsGenericList1CosmosSystemFileSystemFATListingFatDirectoryEntryCosmosSystemFileSystemFATListingFatDirectoryEntryReadDirectoryContents', ID = '1077'
Method 'CosmosSystemFileSystemFATListingFatDirectoryEntrySystemCollectionsGenericList1CosmosSystemFileSystemFATListingFatDirectoryEntryget_ItemSystemInt32', ID = '1078'
Method 'SystemVoidSystemCollectionsGenericList1CosmosSystemFileSystemListingDirectoryEntryAddCosmosSystemFileSystemListingDirectoryEntry', ID = '1079'
Method 'SystemInt32SystemCollectionsGenericList1CosmosSystemFileSystemFATListingFatDirectoryEntryget_Count', ID = '1080'
Method 'SystemVoidCosmosSystemFileSystemFATFatFileSystemDeleteDirectoryCosmosSystemFileSystemListingDirectoryEntry', ID = '1082'
Method 'SystemVoidCosmosCorePlugsMemoryOperationsMemoryOperationsImplFill16BlocksSystemBytepointerSystemInt32SystemInt32', ID = '1083'
Method 'SystemVoidCosmosCorePlugsSystemResourcesResourceManagerImplCCtor', ID = '1084'
Method 'SystemTypeCosmosSystemPlugsSystemTypeImplGetTypeFromHandleSystemRuntimeTypeHandle', ID = '1086'
Method 'CosmosSystemFileSystemListingDirectoryEntryCosmosSystemFileSystemVFSVFSManagerGetDirectorySystemString', ID = '1088'
Method 'SystemChararrayCosmosSystemFileSystemVFSVFSManagerGetRealInvalidPathChars', ID = '1089'
Method 'SystemInt32CosmosSystemPlugsSystemIOPathImplGetRootLengthSystemString', ID = '1090'
Method 'CosmosSystemFileSystemFATFatFileSystemFatCosmosSystemFileSystemFATFatFileSystemGetFatSystemInt32', ID = '1093'
Method 'SystemUInt32CosmosSystemFileSystemFATFatFileSystemFatGetNextUnallocatedFatEntry', ID = '1094'
Method 'SystemUInt32CosmosSystemFileSystemFATListingFatDirectoryEntryGetNextUnallocatedDirectoryEntry', ID = '1095'
Method 'SystemVoidCosmosSystemFileSystemFATListingFatDirectoryEntryctorCosmosSystemFileSystemFATFatFileSystemCosmosSystemFileSystemFATListingFatDirectoryEntrySystemStringSystemF1F0F3C3B2C9F29A1A436F08CC89B07B', ID = '1096'
Method 'SystemVoidCosmosSystemFileSystemFATListingFatDirectoryEntryAllocateDirectoryEntry', ID = '1097'
Method 'SystemCharCosmosSystemFileSystemVFSVFSManagerGetDirectorySeparatorChar', ID = '1098'
Method 'SystemCharCosmosSystemFileSystemVFSVFSManagerGetAltDirectorySeparatorChar', ID = '1099'
Method 'CosmosSystemFileSystemListingDirectoryEntryCosmosSystemFileSystemFATFatFileSystemGetRootDirectory', ID = '1100'
Method 'SystemBytearrayCosmosSystemFileSystemFATListingFatDirectoryEntryGetDirectoryEntryData', ID = '1102'
Method 'SystemVoidSystemCollectionsGenericList1CosmosSystemFileSystemFATListingFatDirectoryEntryctor', ID = '1103'
Method 'SystemStringCosmosCommonExtensionsByteConverterGetUtf16StringSystemBytearraySystemUInt32SystemUInt32', ID = '1104'
Method 'SystemStringSystemStringTrim', ID = '1105'
Method 'SystemStringCosmosCommonExtensionsByteConverterGetAsciiStringSystemBytearraySystemUInt32SystemUInt32', ID = '1106'
Method 'SystemChararraySystemArrayEmptySystemChar', ID = '1107'
Method 'SystemStringSystemStringTrimEndSystemChararray', ID = '1108'
Method 'SystemVoidSystemCollectionsGenericList1CosmosSystemFileSystemFATListingFatDirectoryEntryAddCosmosSystemFileSystemFATListingFatDirectoryEntry', ID = '1109'
Method 'SystemVoidSystemCollectionsGenericList1CosmosSystemFileSystemListingDirectoryEntryEnsureCapacitySystemInt32', ID = '1110'
Method 'SystemVoidCosmosSystemFileSystemFATFatFileSystemDeleteFileCosmosSystemFileSystemListingDirectoryEntry', ID = '1111'
Method 'SystemVoidCosmosSystemFileSystemFATListingFatDirectoryEntryDeleteDirectoryEntry', ID = '1112'
Method 'SystemCharCosmosSystemFileSystemVFSVFSManagerGetVolumeSeparatorChar', ID = '1114'
Method 'SystemStringCosmosSystemPlugsSystemIOPathImplCombineSystemStringSystemString', ID = '1115'
Method 'SystemUInt32CosmosSystemFileSystemFATFatFileSystemFatGetFatEntrySizeInBytes', ID = '1116'
Method 'SystemVoidCosmosSystemFileSystemFATFatFileSystemFatGetFatEntrySystemUInt32SystemUInt32', ID = '1117'
Method 'SystemBooleanCosmosSystemFileSystemFATFatFileSystemFatFatEntryIsEofSystemUInt64', ID = '1118'
Method 'SystemVoidCosmosSystemFileSystemListingDirectoryEntryctorCosmosSystemFileSystemFileSystemCosmosSystemFileSystemListingDirectoryEntrySystemStringSystemStringSystemInt64CF93FD9EBFA1014BD1A29AA4B98F76139', ID = '1119'
Method 'SystemVoidCosmosSystemFileSystemFATListingFatDirectoryEntrySetDirectoryEntryMetadataValueCosmosSystemFileSystemFATListingFatDirectoryEntryMetadataSystemString', ID = '1123'
Method 'SystemVoidCosmosSystemFileSystemFATListingFatDirectoryEntrySetDirectoryEntryMetadataValueCosmosSystemFileSystemFATListingFatDirectoryEntryMetadataSystemUInt32', ID = '1125'
Method 'SystemVoidCosmosSystemFileSystemFATListingFatDirectoryEntryctorCosmosSystemFileSystemFATFatFileSystemCosmosSystemFileSystemFATListingFatDirectoryEntrySystemStringSystemStringSystemUInt32', ID = '1128'
Method 'SystemVoidSystemCollectionsGenericList1CosmosSystemFileSystemFATListingFatDirectoryEntrycctor', ID = '1129'
Method 'SystemVoidCosmosSystemFileSystemFATFatFileSystemReadSystemInt64SystemBytearraySystemInt64SystemInt64', ID = '1130'
Method 'SystemStringSystemStringTrimHelperSystemInt32', ID = '1133'
Method 'SystemStringSystemStringTrimHelperSystemChararraySystemInt32', ID = '1136'
Method 'SystemVoidSystemCollectionsGenericList1CosmosSystemFileSystemFATListingFatDirectoryEntryEnsureCapacitySystemInt32', ID = '1137'
Method 'SystemVoidSystemCollectionsGenericList1CosmosSystemFileSystemListingDirectoryEntryset_CapacitySystemInt32', ID = '1138'
Method 'SystemUInt32arrayCosmosSystemFileSystemFATListingFatDirectoryEntryGetFatTable', ID = '1139'
Method 'SystemVoidCosmosSystemFileSystemFATFatFileSystemFatClearFatEntrySystemUInt64', ID = '1140'
Method 'SystemVoidCosmosSystemFileSystemFATListingFatDirectoryEntrySetDirectoryEntryDataSystemBytearray', ID = '1141'
Method 'SystemStringCosmosSystemPlugsSystemIOPathImplCombineNoChecksSystemStringSystemString', ID = '1143'
Method 'SystemVoidSystemNotSupportedExceptionctorSystemString', ID = '1144'
Method 'SystemBytearrayCosmosSystemFileSystemFATFatFileSystemNewBlockArray', ID = '1145'
Method 'SystemVoidCosmosSystemFileSystemFATFatFileSystemFatReadFatSectorSystemUInt64SystemBytearray', ID = '1146'
Method 'SystemVoidCosmosSystemFileSystemFATListingFatDirectoryEntryMetadatacctor', ID = '1147'
Method 'SystemBytearrayCosmosCommonExtensionsByteConverterGetUtf8BytesSystemStringSystemUInt32SystemUInt32', ID = '1148'
Method 'SystemVoidCosmosCommonExtensionsByteConverterSetUInt32SystemBytearraySystemUInt64SystemUInt32', ID = '1149'
Method 'SystemVoidCosmosCorePlugsSystemStringImplCtorSystemChararraySystemInt32SystemInt32SystemStringSystemInt32SystemCharpointer', ID = '1151'
Method 'SystemStringSystemStringCreateTrimmedStringSystemInt32SystemInt32', ID = '1152'
Method 'SystemVoidEmptyArray1SystemCharcctor', ID = '1153'
Method 'SystemVoidSystemCollectionsGenericList1CosmosSystemFileSystemFATListingFatDirectoryEntryset_CapacitySystemInt32', ID = '1154'
Method 'SystemUInt32arrayCosmosSystemFileSystemFATFatFileSystemFatGetFatChainSystemUInt32SystemInt64', ID = '1155'
Method 'SystemVoidCosmosSystemFileSystemFATFatFileSystemFatSetFatEntrySystemUInt64SystemUInt64', ID = '1156'
Method 'SystemVoidCosmosSystemFileSystemFATFatFileSystemWriteSystemInt64SystemBytearraySystemInt64SystemInt64', ID = '1157'
Method 'SystemBooleanCosmosSystemPlugsSystemIOPathImplIsPathRootedSystemString', ID = '1158'
Method 'SystemVoidCosmosSystemFileSystemFATListingFatDirectoryEntryMetadatactorSystemUInt32SystemUInt32', ID = '1160'
Method 'SystemVoidSystemArrayResizeSystemUInt32SystemUInt32arraySystemInt32', ID = '1169'
Method 'SystemUInt64CosmosSystemFileSystemFATFatFileSystemFatFatEntryEofValue', ID = '1170'
Method 'SystemVoidCosmosCommonExtensionsByteConverterSetUInt16SystemBytearraySystemUInt64SystemUInt16', ID = '1171'
Method 'SystemVoidCosmosSystemFileSystemFATFatFileSystemFatWriteFatSectorSystemUInt64SystemBytearray', ID = '1172'
Method 'SystemVoidCosmosHALBlockDeviceAtaPioWriteBlockSystemUInt64SystemUInt64SystemBytearray', ID = '1175'
Method 'SystemVoidCosmosHALBlockDevicePartitionWriteBlockSystemUInt64SystemUInt64SystemBytearray', ID = '1176'
Method 'SystemVoidCosmosCoreCommonIOPortset_WordSystemUInt16', ID = '1177'
ID = '1187'
Method 'SystemVoidSystemCollectionsGenericList1CosmosSystemFileSystemFATListingFatDirectoryEntryset_CapacitySystemInt32', ID = '1188'
Method 'SystemVoidCosmosSystemPlugsSystemIOFileStreamImplDisposeSystemBooleanSystemIOStream', ID = '1189'
Method 'SystemVoidCosmosCorePlugsSystemGCImpl_SuppressFinalizeSystemObject', ID = '1190'
Method 'SystemStringCosmosCorePlugsSystemStringImplToUpper', ID = '1191'
Method 'SystemVoidCosmosSystemFileSystemFATFatStreamctorCosmosSystemFileSystemFATListingFatDirectoryEntry', ID = '1192'
Method 'SystemUInt32arrayCosmosSystemFileSystemFATFatFileSystemFatGetFatChainSystemUInt32SystemInt64', ID = '1193'
Method 'SystemVoidCosmosSystemFileSystemFATFatFileSystemFatSetFatEntrySystemUInt64SystemUInt64', ID = '1194'
Method 'SystemVoidCosmosSystemFileSystemFATFatFileSystemWriteSystemInt64SystemBytearraySystemInt64SystemInt64', ID = '1195'
Method 'SystemBooleanCosmosSystemPlugsSystemIOPathImplIsPathRootedSystemString', ID = '1196'
Method 'SystemVoidCosmosSystemFileSystemFATListingFatDirectoryEntryMetadatactorSystemUInt32SystemUInt32', ID = '1198'
Method 'CosmosSystemFileSystemFATFatFileSystemCosmosSystemFileSystemFATListingFatDirectoryEntryGetFileSystem', ID = '1209'
Method 'SystemVoidSystemArrayResizeSystemUInt32SystemUInt32arraySystemInt32', ID = '1210'
Method 'SystemUInt64CosmosSystemFileSystemFATFatFileSystemFatFatEntryEofValue', ID = '1211'
Method 'SystemVoidCosmosCommonExtensionsByteConverterSetUInt16SystemBytearraySystemUInt64SystemUInt16', ID = '1212'
Method 'SystemVoidCosmosSystemFileSystemFATFatFileSystemFatWriteFatSectorSystemUInt64SystemBytearray', ID = '1213'
Method 'SystemVoidCosmosSystemFileSystemFATFatStreamWriteSystemBytearraySystemInt32SystemInt32', ID = '1215'
Method 'SystemVoidCosmosHALBlockDeviceAtaPioWriteBlockSystemUInt64SystemUInt64SystemBytearray', ID = '1217'
Method 'SystemVoidCosmosHALBlockDevicePartitionWriteBlockSystemUInt64SystemUInt64SystemBytearray', ID = '1218'
Method 'SystemVoidCosmosCoreCommonIOPortset_WordSystemUInt16', ID = '1221'
Method 'SystemInt64SystemIOStreamNullStreamget_Length', ID = '1223'
Method 'SystemInt64CosmosSystemFileSystemFATFatStreamget_Length', ID = '1224'
Method 'SystemVoidSystemIOStreamNullStreamSetLengthSystemInt64', ID = '1226'
Method 'SystemVoidCosmosSystemFileSystemFATFatStreamSetLengthSystemInt64', ID = '1227'
Method 'SystemInt64CosmosSystemPlugsSystemIOFileStreamImplget_LengthSystemIOStream', ID = '1228'
Method 'SystemVoidCosmosSystemPlugsSystemIOFileStreamImplSetLengthSystemInt64SystemIOStream', ID = '1229'
Method 'SystemVoidCosmosSystemFileSystemFATListingFatDirectoryEntrySetSizeSystemInt64', ID = '1231'
Method 'SystemVoidCosmosSystemFileSystemFATListingFatDirectoryEntrySetDirectoryEntryMetadataValueCosmosSystemFileSystemFATListingFatDirectoryEntryMetadataSystemInt64', ID = '1232'
UInt64SystemUInt64SystemBytearray', ID = '1235'
Method 'SystemVoidCosmosHALBlockDevicePartitionWriteBlockSystemUInt64SystemUInt64SystemBytearray', ID = '1236'
Method 'SystemStringSystemNullable1SystemInt32ToString', ID = '1237'
Method 'SystemVoidSystemIOStreamNullStreamSetLengthSystemInt64', ID = '1239'
Method 'SystemVoidCosmosSystemFileSystemFATFatStreamSetLengthSystemInt64', ID = '1240'
Method 'SystemVoidCosmosCoreCommonIOPortset_WordSystemUInt16', ID = '1241'
Method 'SystemVoidCosmosSystemPlugsSystemIOFileStreamImplSetLengthSystemInt64SystemIOStream', ID = '1242'
Method 'SystemVoidCosmosSystemFileSystemFATListingFatDirectoryEntrySetSizeSystemInt64', ID = '1244'
Method 'SystemVoidCosmosSystemFileSystemFATListingFatDirectoryEntrySetDirectoryEntryMetadataValueCosmosSystemFileSystemFATListingFatDirectoryEntryMetadataSystemInt64', ID = '1245'
64', ID = '1247'
Method 'SystemVoidCosmosSystemFileSystemFATFatStreamSetLengthSystemInt64', ID = '1248'
Method 'SystemVoidCosmosCoreCommonIOPortset_WordSystemUInt16', ID = '1249'
Method 'SystemVoidCosmosSystemPlugsSystemIOFileStreamImplSetLengthSystemInt64SystemIOStream', ID = '1250'
Method 'SystemVoidCosmosSystemFileSystemFATListingFatDirectoryEntrySetSizeSystemInt64', ID = '1252'
Method 'SystemVoidCosmosSystemFileSystemFATListingFatDirectoryEntrySetDirectoryEntryMetadataValueCosmosSystemFileSystemFATListingFatDirectoryEntryMetadataSystemInt64', ID = '1253'
